<?xml version="1.0" encoding="UTF-8"?>
<!-- Generated by org.testng.reporters.JUnitReportReporter -->
<testsuite hostname="Lakshmi_Mukund" failures="0" tests="1" name="com.test.script.SalesForceScript" time="3.343" errors="0" timestamp="2023-10-28T13:10:48 CDT" skipped="0">
  <testcase classname="com.test.script.SalesForceScript" name="validateLoginErrorMessage" time="3.343"/>
  <system-out/>
</testsuite> <!-- com.test.script.SalesForceScript -->
