<?xml version="1.0" encoding="UTF-8"?>
<!-- Generated by org.testng.reporters.JUnitReportReporter -->
<testsuite hostname="Lakshmi_Mukund" failures="0" tests="1" name="com.test.script.SalesForceUserMenuScript" time="14.005" errors="0" timestamp="2023-10-30T16:06:03 CDT" skipped="0">
  <testcase classname="com.test.script.SalesForceUserMenuScript" name="selectMySettings" time="14.005"/>
  <system-out/>
</testsuite> <!-- com.test.script.SalesForceUserMenuScript -->
